2021-03-08 15:58:16 [INFO] <KERNEL> Starting maxima-jupyter kernel
2021-03-08 15:58:16 [INFO] <KERNEL> Parsing connection file /home/conda/.local/share/jupyter/runtime/kernel-33895050-8177-4db8-b0e2-4554907994cd.json
2021-03-08 15:58:16 [INFO] <KERNEL> (OBJ (shell_port . 43291)
                                     (iopub_port . 46459) (stdin_port . 45095)
                                     (control_port . 38065) (hb_port . 35755)
                                     (ip . 127.0.0.1)
                                     (key . ba7f488b-3aac766bada2b291868eded3)
                                     (transport . tcp)
                                     (signature_scheme . hmac-sha256)
                                     (kernel_name . maxima))
2021-03-08 15:58:16 [INFO] <MAC> Starting message authentification
2021-03-08 15:58:16 [INFO] <MAC> Using hmac with sha256 digest for message signing.
2021-03-08 15:58:16 [INFO] <HB-CHANNEL> Starting channel on tcp://127.0.0.1:35755
2021-03-08 15:58:16 [INFO] <IOPUB-CHANNEL> Starting channel on tcp://127.0.0.1:46459
2021-03-08 15:58:16 [INFO] <SHELL-CHANNEL> Starting channel on tcp://127.0.0.1:43291
2021-03-08 15:58:16 [INFO] <STDIN-CHANNEL> Starting channel on tcp://127.0.0.1:45095
2021-03-08 15:58:16 [INFO] <CONTROL-CHANNEL> Starting channel on tcp://127.0.0.1:38065
2021-03-08 15:58:16 [INFO] <HISTORY> Starting history
2021-03-08 15:58:16 [INFO] <HB-CHANNEL> Starting thread
2021-03-08 15:58:16 [INFO] <KERNEL> Waiting for control message
2021-03-08 15:58:16 [INFO] <KERNEL> Loading CLHS map
2021-03-08 15:58:16 [INFO] <KERNEL> Handling kernel_info_request message
2021-03-08 15:58:16 [INFO] <KERNEL> Handling kernel_info_request message
2021-03-08 15:58:16 [INFO] <KERNEL> Handling kernel_info_request message
2021-03-08 15:58:16 [INFO] <KERNEL> Handling comm_info_request message
2021-03-08 16:00:19 [INFO] <KERNEL> Handling execute_request message
2021-03-08 16:00:19 [INFO] <KERNEL> eval E:[E_x, E_y, E_z];
H:[H_x,H_y,H_z]
express(curl(E)) = diff(H,t)

2021-03-08 16:00:19 [INFO] <KERNEL> Parsed expression to evaluate: ((DISPLAYINPUT)
                                                                    NIL
                                                                    ((MSETQ)
                                                                     |$e|
                                                                     ((MLIST)
                                                                      |$E_x|
                                                                      |$E_y|
                                                                      |$E_z|)))

2021-03-08 16:00:19 [INFO] <KERNEL> Evaluated result: ((DISPLAYINPUT SIMP) NIL
                                                       ((MLIST SIMP) |$E_x|
                                                        |$E_y| |$E_z|))

2021-03-08 16:00:26 [INFO] <KERNEL> Handling execute_request message
2021-03-08 16:00:26 [INFO] <KERNEL> eval E:[E_x, E_y, E_z];
H:[H_x,H_y,H_z];
express(curl(E)) = diff(H,t)

2021-03-08 16:00:26 [INFO] <KERNEL> Parsed expression to evaluate: ((DISPLAYINPUT)
                                                                    NIL
                                                                    ((MSETQ)
                                                                     |$e|
                                                                     ((MLIST)
                                                                      |$E_x|
                                                                      |$E_y|
                                                                      |$E_z|)))

2021-03-08 16:00:26 [INFO] <KERNEL> Evaluated result: ((DISPLAYINPUT SIMP) NIL
                                                       ((MLIST SIMP) |$E_x|
                                                        |$E_y| |$E_z|))

2021-03-08 16:00:26 [INFO] <KERNEL> Parsed expression to evaluate: ((DISPLAYINPUT)
                                                                    NIL
                                                                    ((MSETQ)
                                                                     |$h|
                                                                     ((MLIST)
                                                                      |$H_x|
                                                                      |$H_y|
                                                                      |$H_z|)))

2021-03-08 16:00:26 [INFO] <KERNEL> Evaluated result: ((DISPLAYINPUT SIMP) NIL
                                                       ((MLIST SIMP) |$H_x|
                                                        |$H_y| |$H_z|))

2021-03-08 16:00:35 [INFO] <KERNEL> Handling execute_request message
2021-03-08 16:00:35 [INFO] <KERNEL> eval E:[E_x, E_y, E_z];
H:[H_x,H_y,H_z];
express(curl(E)) = diff(H,t);

2021-03-08 16:00:35 [INFO] <KERNEL> Parsed expression to evaluate: ((DISPLAYINPUT)
                                                                    NIL
                                                                    ((MSETQ)
                                                                     |$e|
                                                                     ((MLIST)
                                                                      |$E_x|
                                                                      |$E_y|
                                                                      |$E_z|)))

2021-03-08 16:00:35 [INFO] <KERNEL> Evaluated result: ((DISPLAYINPUT SIMP) NIL
                                                       ((MLIST SIMP) |$E_x|
                                                        |$E_y| |$E_z|))

2021-03-08 16:00:35 [INFO] <KERNEL> Parsed expression to evaluate: ((DISPLAYINPUT)
                                                                    NIL
                                                                    ((MSETQ)
                                                                     |$h|
                                                                     ((MLIST)
                                                                      |$H_x|
                                                                      |$H_y|
                                                                      |$H_z|)))

2021-03-08 16:00:35 [INFO] <KERNEL> Evaluated result: ((DISPLAYINPUT SIMP) NIL
                                                       ((MLIST SIMP) |$H_x|
                                                        |$H_y| |$H_z|))

2021-03-08 16:00:35 [INFO] <KERNEL> Parsed expression to evaluate: ((DISPLAYINPUT)
                                                                    NIL
                                                                    ((MEQUAL)
                                                                     (($EXPRESS)
                                                                      (($CURL)
                                                                       |$e|))
                                                                     (($DIFF)
                                                                      |$h| $T)))

2021-03-08 16:00:35 [INFO] <KERNEL> Evaluated result: ((DISPLAYINPUT SIMP) NIL
                                                       ((MEQUAL SIMP)
                                                        (($EXPRESS SIMP)
                                                         (($CURL SIMP)
                                                          ((MLIST SIMP) |$E_x|
                                                           |$E_y| |$E_z|)))
                                                        ((MLIST SIMP) 0 0 0)))

2021-03-08 16:00:46 [INFO] <KERNEL> Handling execute_request message
2021-03-08 16:00:46 [INFO] <KERNEL> eval load(vect);

2021-03-08 16:00:46 [INFO] <KERNEL> Parsed expression to evaluate: ((DISPLAYINPUT)
                                                                    NIL
                                                                    (($LOAD)
                                                                     $VECT))

2021-03-08 16:00:47 [INFO] <KERNEL> Evaluated result: ((DISPLAYINPUT SIMP) NIL
                                                       "/usr/local/share/maxima/5.44.0/share/vector/vect.mac")

2021-03-08 16:00:47 [INFO] <KERNEL> Handling execute_request message
2021-03-08 16:00:47 [INFO] <KERNEL> eval load(eigen);

2021-03-08 16:00:47 [INFO] <KERNEL> Parsed expression to evaluate: ((DISPLAYINPUT)
                                                                    NIL
                                                                    (($LOAD)
                                                                     $EIGEN))

2021-03-08 16:00:47 [INFO] <KERNEL> Evaluated result: ((DISPLAYINPUT SIMP) NIL
                                                       "/usr/local/share/maxima/5.44.0/share/matrix/eigen.mac")

2021-03-08 16:00:48 [INFO] <KERNEL> Handling execute_request message
2021-03-08 16:00:48 [INFO] <KERNEL> eval E:[E_x, E_y, E_z];
H:[H_x,H_y,H_z];
express(curl(E)) = diff(H,t);

2021-03-08 16:00:48 [INFO] <KERNEL> Parsed expression to evaluate: ((DISPLAYINPUT)
                                                                    NIL
                                                                    ((MSETQ)
                                                                     |$e|
                                                                     ((MLIST)
                                                                      |$E_x|
                                                                      |$E_y|
                                                                      |$E_z|)))

2021-03-08 16:00:48 [INFO] <KERNEL> Evaluated result: ((DISPLAYINPUT SIMP) NIL
                                                       ((MLIST SIMP) |$E_x|
                                                        |$E_y| |$E_z|))

2021-03-08 16:00:48 [INFO] <KERNEL> Parsed expression to evaluate: ((DISPLAYINPUT)
                                                                    NIL
                                                                    ((MSETQ)
                                                                     |$h|
                                                                     ((MLIST)
                                                                      |$H_x|
                                                                      |$H_y|
                                                                      |$H_z|)))

2021-03-08 16:00:48 [INFO] <KERNEL> Evaluated result: ((DISPLAYINPUT SIMP) NIL
                                                       ((MLIST SIMP) |$H_x|
                                                        |$H_y| |$H_z|))

2021-03-08 16:00:48 [INFO] <KERNEL> Parsed expression to evaluate: ((DISPLAYINPUT)
                                                                    NIL
                                                                    ((MEQUAL)
                                                                     (($EXPRESS)
                                                                      (($CURL)
                                                                       |$e|))
                                                                     (($DIFF)
                                                                      |$h| $T)))

2021-03-08 16:00:48 [INFO] <KERNEL> Evaluated result: ((DISPLAYINPUT SIMP) NIL
                                                       ((MEQUAL SIMP)
                                                        ((MLIST SIMP
                                                          (171
                                                           "/usr/local/share/maxima/5.44.0/share/vector/vect.mac"
                                                           SRC $EXPRESS1 139))
                                                         ((MPLUS SIMP)
                                                          ((MTIMES SIMP) -1
                                                           ((%DERIVATIVE SIMP
                                                             (173
                                                              "/usr/local/share/maxima/5.44.0/share/vector/vect.mac"
                                                              SRC $EXPRESS1
                                                              139))
                                                            |$E_y| $Z 1))
                                                          ((%DERIVATIVE SIMP
                                                            (172
                                                             "/usr/local/share/maxima/5.44.0/share/vector/vect.mac"
                                                             SRC $EXPRESS1
                                                             139))
                                                           |$E_z| $Y 1))
                                                         ((MPLUS SIMP
                                                           (176
                                                            "/usr/local/share/maxima/5.44.0/share/vector/vect.mac"
                                                            SRC $EXPRESS1 139))
                                                          ((%DERIVATIVE SIMP
                                                            (175
                                                             "/usr/local/share/maxima/5.44.0/share/vector/vect.mac"
                                                             SRC $EXPRESS1
                                                             139))
                                                           |$E_x| $Z 1)
                                                          ((MTIMES SIMP) -1
                                                           ((%DERIVATIVE SIMP
                                                             (176
                                                              "/usr/local/share/maxima/5.44.0/share/vector/vect.mac"
                                                              SRC $EXPRESS1
                                                              139))
                                                            |$E_z| $X 1)))
                                                         ((MPLUS SIMP)
                                                          ((MTIMES SIMP) -1
                                                           ((%DERIVATIVE SIMP
                                                             (179
                                                              "/usr/local/share/maxima/5.44.0/share/vector/vect.mac"
                                                              SRC $EXPRESS1
                                                              139))
                                                            |$E_x| $Y 1))
                                                          ((%DERIVATIVE SIMP
                                                            (178
                                                             "/usr/local/share/maxima/5.44.0/share/vector/vect.mac"
                                                             SRC $EXPRESS1
                                                             139))
                                                           |$E_y| $X 1)))
                                                        ((MLIST SIMP) 0 0 0)))

2021-03-08 16:01:45 [INFO] <KERNEL> Handling shutdown_request message
2021-03-08 16:01:45 [INFO] <KERNEL> Stopping maxima-jupyter kernel
2021-03-08 16:01:45 [INFO] <HB-CHANNEL> Stopping thread
2021-03-08 16:01:45 [INFO] <HB-CHANNEL> Stopping channel
2021-03-08 16:01:45 [INFO] <IOPUB-CHANNEL> Stopping channel
2021-03-08 16:01:45 [INFO] <SHELL-CHANNEL> Stopping channel
2021-03-08 16:01:45 [INFO] <STDIN-CHANNEL> Stopping channel
2021-03-08 16:01:45 [INFO] <CONTROL-CHANNEL> Stopping channel
2021-03-08 16:01:45 [INFO] <MAC> Stopping message authentification
2021-03-08 16:01:45 [INFO] <HISTORY> Stopping history
