2021-03-08 15:52:49 [INFO] <KERNEL> Starting maxima-jupyter kernel
2021-03-08 15:52:49 [INFO] <KERNEL> Parsing connection file /tmp/tmpma42hoz8.json
2021-03-08 15:52:49 [INFO] <KERNEL> (OBJ (shell_port . 46499)
                                     (iopub_port . 55167) (stdin_port . 38165)
                                     (control_port . 46137) (hb_port . 42703)
                                     (ip . 127.0.0.1)
                                     (key . f782600f-6a986e71c523d0fdd2ffef2b)
                                     (transport . tcp)
                                     (signature_scheme . hmac-sha256)
                                     (kernel_name . maxima))
2021-03-08 15:52:49 [INFO] <MAC> Starting message authentification
2021-03-08 15:52:49 [INFO] <MAC> Using hmac with sha256 digest for message signing.
2021-03-08 15:52:49 [INFO] <HB-CHANNEL> Starting channel on tcp://127.0.0.1:42703
2021-03-08 15:52:49 [INFO] <IOPUB-CHANNEL> Starting channel on tcp://127.0.0.1:55167
2021-03-08 15:52:49 [INFO] <SHELL-CHANNEL> Starting channel on tcp://127.0.0.1:46499
2021-03-08 15:52:49 [INFO] <STDIN-CHANNEL> Starting channel on tcp://127.0.0.1:38165
2021-03-08 15:52:49 [INFO] <CONTROL-CHANNEL> Starting channel on tcp://127.0.0.1:46137
2021-03-08 15:52:49 [INFO] <HISTORY> Starting history
2021-03-08 15:52:49 [INFO] <HB-CHANNEL> Starting thread
2021-03-08 15:52:49 [INFO] <KERNEL> Waiting for control message
2021-03-08 15:52:49 [INFO] <KERNEL> Loading CLHS map
2021-03-08 15:52:50 [INFO] <KERNEL> Handling kernel_info_request message
2021-03-08 15:52:50 [INFO] <KERNEL> Handling kernel_info_request message
2021-03-08 15:52:50 [INFO] <KERNEL> Handling execute_request message
2021-03-08 15:52:50 [INFO] <KERNEL> eval diff(7*x^5,x);

2021-03-08 15:52:50 [INFO] <KERNEL> Parsed expression to evaluate: ((DISPLAYINPUT)
                                                                    NIL
                                                                    (($DIFF)
                                                                     ((MTIMES)
                                                                      7
                                                                      ((MEXPT)
                                                                       $X 5))
                                                                     $X))

2021-03-08 15:52:50 [INFO] <KERNEL> Evaluated result: ((DISPLAYINPUT SIMP) NIL
                                                       ((MTIMES SIMP) 35
                                                        ((MEXPT SIMP) $X 4)))

2021-03-08 15:52:50 [INFO] <KERNEL> Handling execute_request message
2021-03-08 15:52:50 [INFO] <KERNEL> eval diff(7*x^5,x,2);

2021-03-08 15:52:50 [INFO] <KERNEL> Parsed expression to evaluate: ((DISPLAYINPUT)
                                                                    NIL
                                                                    (($DIFF)
                                                                     ((MTIMES)
                                                                      7
                                                                      ((MEXPT)
                                                                       $X 5))
                                                                     $X 2))

2021-03-08 15:52:50 [INFO] <KERNEL> Evaluated result: ((DISPLAYINPUT SIMP) NIL
                                                       ((MTIMES SIMP) 140
                                                        ((MEXPT SIMP) $X 3)))

2021-03-08 15:52:50 [INFO] <KERNEL> Handling execute_request message
2021-03-08 15:52:50 [INFO] <KERNEL> eval diff(7*x^5,x,3);

2021-03-08 15:52:50 [INFO] <KERNEL> Parsed expression to evaluate: ((DISPLAYINPUT)
                                                                    NIL
                                                                    (($DIFF)
                                                                     ((MTIMES)
                                                                      7
                                                                      ((MEXPT)
                                                                       $X 5))
                                                                     $X 3))

2021-03-08 15:52:50 [INFO] <KERNEL> Evaluated result: ((DISPLAYINPUT SIMP) NIL
                                                       ((MTIMES SIMP) 420
                                                        ((MEXPT SIMP) $X 2)))

2021-03-08 15:52:50 [INFO] <KERNEL> Handling execute_request message
2021-03-08 15:52:50 [INFO] <KERNEL> eval diff(7*x^5,x,4);

2021-03-08 15:52:50 [INFO] <KERNEL> Parsed expression to evaluate: ((DISPLAYINPUT)
                                                                    NIL
                                                                    (($DIFF)
                                                                     ((MTIMES)
                                                                      7
                                                                      ((MEXPT)
                                                                       $X 5))
                                                                     $X 4))

2021-03-08 15:52:50 [INFO] <KERNEL> Evaluated result: ((DISPLAYINPUT SIMP) NIL
                                                       ((MTIMES SIMP) 840 $X))

2021-03-08 15:52:50 [INFO] <KERNEL> Handling execute_request message
2021-03-08 15:52:50 [INFO] <KERNEL> eval integrate(integrate(5*x^2*3*y^3,x,2),y,2);

2021-03-08 15:52:50 [INFO] <KERNEL> Parsed expression to evaluate: ((DISPLAYINPUT)
                                                                    NIL
                                                                    (($INTEGRATE)
                                                                     (($INTEGRATE)
                                                                      ((MTIMES)
                                                                       5
                                                                       ((MEXPT)
                                                                        $X 2)
                                                                       3
                                                                       ((MEXPT)
                                                                        $Y 3))
                                                                      $X 2)
                                                                     $Y 2))

2021-03-08 15:52:50 [INFO] <KERNEL> Evaluated result: ((DISPLAYINPUT SIMP) NIL
                                                       ((MTIMES SIMP)
                                                        ((RAT SIMP) 5 4)
                                                        ((MEXPT SIMP) $X 3)
                                                        ((MEXPT SIMP) $Y 4)))

2021-03-08 15:52:50 [INFO] <KERNEL> Handling execute_request message
2021-03-08 15:52:50 [INFO] <KERNEL> eval load(vect);

2021-03-08 15:52:50 [INFO] <KERNEL> Parsed expression to evaluate: ((DISPLAYINPUT)
                                                                    NIL
                                                                    (($LOAD)
                                                                     $VECT))

2021-03-08 15:52:50 [INFO] <KERNEL> Evaluated result: ((DISPLAYINPUT SIMP) NIL
                                                       "/usr/local/share/maxima/5.44.0/share/vector/vect.mac")

2021-03-08 15:52:50 [INFO] <KERNEL> Handling execute_request message
2021-03-08 15:52:50 [INFO] <KERNEL> eval load(eigen);

2021-03-08 15:52:50 [INFO] <KERNEL> Parsed expression to evaluate: ((DISPLAYINPUT)
                                                                    NIL
                                                                    (($LOAD)
                                                                     $EIGEN))

2021-03-08 15:52:50 [INFO] <KERNEL> Evaluated result: ((DISPLAYINPUT SIMP) NIL
                                                       "/usr/local/share/maxima/5.44.0/share/matrix/eigen.mac")

2021-03-08 15:52:50 [INFO] <KERNEL> Handling shutdown_request message
2021-03-08 15:52:50 [INFO] <KERNEL> Stopping maxima-jupyter kernel
2021-03-08 15:52:50 [INFO] <HB-CHANNEL> Stopping thread
2021-03-08 15:52:50 [INFO] <HB-CHANNEL> Stopping channel
2021-03-08 15:52:50 [INFO] <IOPUB-CHANNEL> Stopping channel
2021-03-08 15:52:50 [INFO] <SHELL-CHANNEL> Stopping channel
2021-03-08 15:52:50 [INFO] <STDIN-CHANNEL> Stopping channel
2021-03-08 15:52:50 [INFO] <CONTROL-CHANNEL> Stopping channel
2021-03-08 15:52:50 [INFO] <MAC> Stopping message authentification
2021-03-08 15:52:50 [INFO] <HISTORY> Stopping history
